dispatcher.py:303 #ERROR    [2023-10-28 22:35:42,255] - aiogram.event - Cause exception while process update id=482584117 by bot id=6004120980
AttributeError: 'NoneType' object has no attribute 'id'
Traceback (most recent call last):
  File "/home/gigaden/PycharmProjects/installators_shcedule/venv/lib/python3.11/site-packages/aiogram/dispatcher/dispatcher.py", line 297, in _process_update
    response = await self.feed_update(bot, update, **kwargs)
               ^^^^^^^^^^^^^^^^^^^^^^^^^^^^^^^^^^^^^^^^^^^^^
  File "/home/gigaden/PycharmProjects/installators_shcedule/venv/lib/python3.11/site-packages/aiogram/dispatcher/dispatcher.py", line 146, in feed_update
    response = await self.update.wrap_outer_middleware(
               ^^^^^^^^^^^^^^^^^^^^^^^^^^^^^^^^^^^^^^^^
  File "/home/gigaden/PycharmProjects/installators_shcedule/venv/lib/python3.11/site-packages/aiogram/dispatcher/middlewares/error.py", line 25, in __call__
    return await handler(event, data)
           ^^^^^^^^^^^^^^^^^^^^^^^^^^
  File "/home/gigaden/PycharmProjects/installators_shcedule/venv/lib/python3.11/site-packages/aiogram/dispatcher/middlewares/user_context.py", line 23, in __call__
    return await handler(event, data)
           ^^^^^^^^^^^^^^^^^^^^^^^^^^
  File "/home/gigaden/PycharmProjects/installators_shcedule/venv/lib/python3.11/site-packages/aiogram/fsm/middleware.py", line 39, in __call__
    return await handler(event, data)
           ^^^^^^^^^^^^^^^^^^^^^^^^^^
  File "/home/gigaden/PycharmProjects/installators_shcedule/venv/lib/python3.11/site-packages/aiogram/dispatcher/event/telegram.py", line 123, in trigger
    return await wrapped_inner(event, kwargs)
           ^^^^^^^^^^^^^^^^^^^^^^^^^^^^^^^^^^
  File "/home/gigaden/PycharmProjects/installators_shcedule/venv/lib/python3.11/site-packages/aiogram/dispatcher/event/handler.py", line 42, in call
    return await wrapped()
           ^^^^^^^^^^^^^^^
  File "/home/gigaden/PycharmProjects/installators_shcedule/venv/lib/python3.11/site-packages/aiogram/dispatcher/dispatcher.py", line 264, in _listen_update
    return await self.propagate_event(update_type=update_type, event=event, **kwargs)
           ^^^^^^^^^^^^^^^^^^^^^^^^^^^^^^^^^^^^^^^^^^^^^^^^^^^^^^^^^^^^^^^^^^^^^^^^^^
  File "/home/gigaden/PycharmProjects/installators_shcedule/venv/lib/python3.11/site-packages/aiogram/dispatcher/router.py", line 115, in propagate_event
    return await observer.wrap_outer_middleware(_wrapped, event=event, data=kwargs)
           ^^^^^^^^^^^^^^^^^^^^^^^^^^^^^^^^^^^^^^^^^^^^^^^^^^^^^^^^^^^^^^^^^^^^^^^^
  File "/home/gigaden/PycharmProjects/installators_shcedule/venv/lib/python3.11/site-packages/aiogram/dispatcher/router.py", line 111, in _wrapped
    return await self._propagate_event(
           ^^^^^^^^^^^^^^^^^^^^^^^^^^^^
  File "/home/gigaden/PycharmProjects/installators_shcedule/venv/lib/python3.11/site-packages/aiogram/dispatcher/router.py", line 131, in _propagate_event
    response = await router.propagate_event(update_type=update_type, event=event, **kwargs)
               ^^^^^^^^^^^^^^^^^^^^^^^^^^^^^^^^^^^^^^^^^^^^^^^^^^^^^^^^^^^^^^^^^^^^^^^^^^^^
  File "/home/gigaden/PycharmProjects/installators_shcedule/venv/lib/python3.11/site-packages/aiogram/dispatcher/router.py", line 115, in propagate_event
    return await observer.wrap_outer_middleware(_wrapped, event=event, data=kwargs)
           ^^^^^^^^^^^^^^^^^^^^^^^^^^^^^^^^^^^^^^^^^^^^^^^^^^^^^^^^^^^^^^^^^^^^^^^^
  File "/home/gigaden/PycharmProjects/installators_shcedule/venv/lib/python3.11/site-packages/aiogram/dispatcher/router.py", line 111, in _wrapped
    return await self._propagate_event(
           ^^^^^^^^^^^^^^^^^^^^^^^^^^^^
  File "/home/gigaden/PycharmProjects/installators_shcedule/venv/lib/python3.11/site-packages/aiogram/dispatcher/router.py", line 124, in _propagate_event
    response = await observer.trigger(event, **kwargs)
               ^^^^^^^^^^^^^^^^^^^^^^^^^^^^^^^^^^^^^^^
  File "/home/gigaden/PycharmProjects/installators_shcedule/venv/lib/python3.11/site-packages/aiogram/dispatcher/event/telegram.py", line 123, in trigger
    return await wrapped_inner(event, kwargs)
           ^^^^^^^^^^^^^^^^^^^^^^^^^^^^^^^^^^
  File "/home/gigaden/PycharmProjects/installators_shcedule/venv/lib/python3.11/site-packages/aiogram/dispatcher/event/handler.py", line 42, in call
    return await wrapped()
           ^^^^^^^^^^^^^^^
  File "/home/gigaden/PycharmProjects/installators_shcedule/handlers/calendar_handlers.py", line 276, in process_get_statistic
    query: list = take_addresses_objects(
                  ^^^^^^^^^^^^^^^^^^^^^^^
  File "/home/gigaden/PycharmProjects/installators_shcedule/db/crud.py", line 182, in take_addresses_objects
    .filter(Days.users_id == user.id)
                             ^^^^^^^
AttributeError: 'NoneType' object has no attribute 'id'
